{"logLevel":"debug","message":"multithreading is set to false"}
{"logLevel":"debug","message":"Using reflection to scan dependencies for gauge implementations..."}
SLF4J: Failed to load class "org.slf4j.impl.StaticLoggerBinder".
SLF4J: Defaulting to no-operation (NOP) logger implementation
SLF4J: See http://www.slf4j.org/codes.html#StaticLoggerBinder for further details.
{"logLevel":"debug","message":"gauge-java took 794milliseconds to load and scan. This should be less than 'runner_connection_timeout' config value."}
{"logLevel":"debug","message":"run 'gauge config runner_connection_timeout' and verify that it is < 794"}
{"logLevel":"debug","message":"starting gRPC server..."}
{"logLevel":"debug","message":"started gRPC server on port 57211"}
{"logLevel":"info","message":"Listening on port:57211"}
{"logLevel":"debug","message":"Scanning packages for steps"}
{"logLevel":"debug","message":"Comparing 'Tests.LoginTest.clickSubmit' and 'Tests.LoginTest.clickSubmit'"}
{"logLevel":"debug","message":"Found Kullanýcý E-Mail yazdýktan sonra Giriþ Yap'a týklar. in current project scope."}
{"logLevel":"debug","message":"Comparing 'Tests.HomeTest.clickLogin' and 'Tests.HomeTest.clickLogin'"}
{"logLevel":"debug","message":"Found Kullanýcý {} tabýna gider. in current project scope."}
{"logLevel":"debug","message":"Comparing 'Tests.LoginTest.checkErrorMessage' and 'Tests.LoginTest.checkErrorMessage'"}
{"logLevel":"debug","message":"Found Kullanýcý {} yazýsý aldýðýný görür. in current project scope."}
{"logLevel":"debug","message":"Comparing 'org.example.StepImplementation.ensureInstallationInstructionsAreAvailable' and 'org.example.StepImplementation.ensureInstallationInstructionsAreAvailable'"}
{"logLevel":"debug","message":"Found Ensure installation instructions are available in current project scope."}
{"logLevel":"debug","message":"Comparing 'Tests.HomeTest.clickLogin2' and 'Tests.HomeTest.clickLogin2'"}
{"logLevel":"debug","message":"Found Kullanýcý Giriþ Yap'a týklar. in current project scope."}
{"logLevel":"debug","message":"Comparing 'Tests.LoginTest.setEmail' and 'Tests.LoginTest.setEmail'"}
{"logLevel":"debug","message":"Found Email alanýna {} yazýlýr. in current project scope."}
{"logLevel":"debug","message":"Comparing 'org.example.StepImplementation.gotoGetStartedPage' and 'org.example.StepImplementation.gotoGetStartedPage'"}
{"logLevel":"debug","message":"Found Go to Gauge Get Started Page in current project scope."}
{"logLevel":"debug","message":"Comparing 'Tests.HomeTest.userVisitSite' and 'Tests.HomeTest.userVisitSite'"}
{"logLevel":"debug","message":"Found Kullanýcý {} sitesini ziyaret eder in current project scope."}
{"logLevel":"debug","message":"Comparing 'org.example.StepImplementation.implementation1' and 'org.example.StepImplementation.implementation1'"}
{"logLevel":"debug","message":"Found Open the Gauge homepage in current project scope."}
{"logLevel":"debug","message":"Scanning packages for hooks"}
{"logLevel":"debug","message":"Scanned steps (using static parsing + reflections): "}
{"logLevel":"debug","message":"\tKullanýcý Giriþ Yap'a týklar. : public void clickLogin2()"}
{"logLevel":"debug","message":"\tOpen the Gauge homepage : public void implementation1()"}
{"logLevel":"debug","message":"\tGo to Gauge Get Started Page : public void gotoGetStartedPage() throws InterruptedException"}
{"logLevel":"debug","message":"\tKullanýcý {} sitesini ziyaret eder : public void userVisitSite(String key)"}
{"logLevel":"debug","message":"\tKullanýcý {} tabýna gider. : public void clickLogin(String xxx)"}
{"logLevel":"debug","message":"\tKullanýcý {} yazýsý aldýðýný görür. : public void checkErrorMessage(String type)"}
{"logLevel":"debug","message":"\tEmail alanýna {} yazýlýr. : public void setEmail(String email)"}
{"logLevel":"debug","message":"\tEnsure installation instructions are available : public void ensureInstallationInstructionsAreAvailable() throws InterruptedException"}
{"logLevel":"debug","message":"\tKullanýcý E-Mail yazdýktan sonra Giriþ Yap'a týklar. : public void clickSubmit()"}
Starting ChromeDriver 100.0.4896.60 (6a5d10861ce8de5fce22564658033b43cb7de047-refs/branch-heads/4896@{#875}) on port 42364
Only local connections are allowed.
Please see https://chromedriver.chromium.org/security-considerations for suggestions on keeping ChromeDriver safe.
ChromeDriver was started successfully.
May 04, 2022 2:23:50 ÖÖ org.openqa.selenium.remote.ProtocolHandshake createSession
INFO: Detected dialect: W3C
{"logLevel":"debug","message":"Executing 'Kullanýcý {} sitesini ziyaret eder' using 'class Tests.HomeTest.userVisitSite"}
{"logLevel":"debug","message":"Executing 'Kullanýcý {} tabýna gider.' using 'class Tests.HomeTest.clickLogin"}
{"logLevel":"debug","message":"Executing 'Kullanýcý Giriþ Yap'a týklar.' using 'class Tests.HomeTest.clickLogin2"}
{"logLevel":"debug","message":"Executing 'Email alanýna {} yazýlýr.' using 'class Tests.LoginTest.setEmail"}
{"logLevel":"debug","message":"Executing 'Kullanýcý E-Mail yazdýktan sonra Giriþ Yap'a týklar.' using 'class Tests.LoginTest.clickSubmit"}
{"logLevel":"debug","message":"Executing 'Kullanýcý {} yazýsý aldýðýný görür.' using 'class Tests.LoginTest.checkErrorMessage"}
